<?xml version="1.0" encoding="UTF-8"?>
<testng-results total="2" passed="2" failed="0" skipped="0">
  <reporter-output>
  </reporter-output>
  <suite started-at="2022-09-23T09:33:47Z" name="Default suite" finished-at="2022-09-23T09:33:47Z" duration-ms="19">
    <groups>
    </groups>
    <test started-at="2022-09-23T09:33:47Z" name="Default test" finished-at="2022-09-23T09:33:47Z" duration-ms="19">
      <class name="practice.practice1test">
        <test-method signature="TestStep1test()[pri:0, instance:practice.practice1test@1b75c2e3]" started-at="2022-09-23T15:03:47Z" name="TestStep1test" finished-at="2022-09-23T15:03:47Z" duration-ms="7" status="PASS">
          <reporter-output>
          </reporter-output>
        </test-method> <!-- TestStep1test -->
        <test-method signature="TestStep2test()[pri:0, instance:practice.practice1test@1b75c2e3]" started-at="2022-09-23T15:03:47Z" name="TestStep2test" finished-at="2022-09-23T15:03:47Z" duration-ms="1" status="PASS">
          <reporter-output>
          </reporter-output>
        </test-method> <!-- TestStep2test -->
      </class> <!-- practice.practice1test -->
    </test> <!-- Default test -->
  </suite> <!-- Default suite -->
</testng-results>
